matlabcontrol.MatlabInvocationException: Method did not return properly because of an internal MATLAB exception
	at matlabcontrol.MatlabInvocationException$Reason.asException(MatlabInvocationException.java:62)
	at matlabcontrol.JMIWrapper$MatlabThreadOperations.returningFeval(JMIWrapper.java:459)
	at matlabcontrol.JMIWrapper$MatlabThreadOperations.eval(JMIWrapper.java:394)
	at matlabcontrol.JMIWrapper$4.call(JMIWrapper.java:154)
	at matlabcontrol.JMIWrapper$4.call(JMIWrapper.java:150)
	at matlabcontrol.JMIWrapper$9.run(JMIWrapper.java:307)
	at com.mathworks.jmi.NativeMatlab.dispatchMTRequests(NativeMatlab.java:475)
	at sun.rmi.transport.StreamRemoteCall.exceptionReceivedFromServer(StreamRemoteCall.java:275)
	at sun.rmi.transport.StreamRemoteCall.executeCall(StreamRemoteCall.java:252)
	at sun.rmi.server.UnicastRef.invoke(UnicastRef.java:161)
	at java.rmi.server.RemoteObjectInvocationHandler.invokeRemoteMethod(RemoteObjectInvocationHandler.java:217)
	at java.rmi.server.RemoteObjectInvocationHandler.invoke(RemoteObjectInvocationHandler.java:171)
	at matlabcontrol.$Proxy2.eval(Unknown Source)
	at matlabcontrol.RemoteMatlabProxy$4.invoke(RemoteMatlabProxy.java:257)
	at matlabcontrol.RemoteMatlabProxy$4.invoke(RemoteMatlabProxy.java:253)
	at matlabcontrol.RemoteMatlabProxy.invoke(RemoteMatlabProxy.java:182)
	at matlabcontrol.RemoteMatlabProxy.eval(RemoteMatlabProxy.java:252)
	at com.webq.capest.findParams.findCapacity(findParams.java:21)
	at com.webq.capest.CapacityEstimator.handleEndofTrainingPeriod(CapacityEstimator.java:434)
	at com.webq.capest.CapacityManager$3.run(CapacityManager.java:64)
	at java.util.TimerThread.mainLoop(Timer.java:555)
	at java.util.TimerThread.run(Timer.java:505)
Caused by: com.mathworks.jmi.MatlabException: Attempted to access a(1); index out of bounds because numel(a)=0.
	at com.mathworks.jmi.NativeMatlab.SendMatlabMessage(Native Method)
	at com.mathworks.jmi.NativeMatlab.sendMatlabMessage(NativeMatlab.java:266)
	at com.mathworks.jmi.MatlabLooper.sendMatlabMessage(MatlabLooper.java:120)
	at com.mathworks.jmi.Matlab.mtFevalConsoleOutput(Matlab.java:1690)
	at matlabcontrol.JMIWrapper$MatlabThreadOperations.returningFeval(JMIWrapper.java:420)
	at matlabcontrol.JMIWrapper$MatlabThreadOperations.eval(JMIWrapper.java:394)
	at matlabcontrol.JMIWrapper$4.call(JMIWrapper.java:154)
	at matlabcontrol.JMIWrapper$4.call(JMIWrapper.java:150)
	at matlabcontrol.JMIWrapper$9.run(JMIWrapper.java:307)
	at com.mathworks.jmi.NativeMatlab.dispatchMTRequests(NativeMatlab.java:475)
